<?xml version="1.0" encoding="UTF-8"?>
<!-- Generated by org.testng.reporters.JUnitXMLReporter -->
<testsuite hostname="TNR" failures="1" tests="1" name="Regression1" time="0.129" errors="0" timestamp="8 Oct 2022 15:57:17 GMT">
  <testcase classname="com.makemytrip.testscript.Booking_ticket" name="booking_ticket" time="0.108">
    <failure type="java.lang.NullPointerException" message="Cannot invoke &amp;quot;org.openqa.selenium.WebDriver.navigate()&amp;quot; because &amp;quot;this.driver&amp;quot; is null">
      <![CDATA[java.lang.NullPointerException: Cannot invoke "org.openqa.selenium.WebDriver.navigate()" because "this.driver" is null
	at com.makemytrip.lib.General.openapplication(General.java:16)
	at com.makemytrip.testscript.Booking_ticket.booking_ticket(Booking_ticket.java:13)
... Removed 24 stack frames]]>
    </failure>
  </testcase> <!-- booking_ticket -->
</testsuite> <!-- Regression1 -->
